2025-02-07T09:58:40.866+05:30  INFO 13695 --- [ems] [main] com.deval.ems.EmsApplication             : Starting EmsApplication using Java 23.0.1 with PID 13695 (/Users/devaldarji/Desktop/EmployeeManagementSystem/target/classes started by devaldarji in /Users/devaldarji/Desktop/EmployeeManagementSystem)
2025-02-07T09:58:40.873+05:30  INFO 13695 --- [ems] [main] com.deval.ems.EmsApplication             : No active profile set, falling back to 1 default profile: "default"
2025-02-07T09:58:41.557+05:30  INFO 13695 --- [ems] [main] o.s.b.w.embedded.tomcat.TomcatWebServer  : Tomcat initialized with port 8080 (http)
2025-02-07T09:58:41.565+05:30  INFO 13695 --- [ems] [main] o.apache.catalina.core.StandardService   : Starting service [Tomcat]
2025-02-07T09:58:41.565+05:30  INFO 13695 --- [ems] [main] o.apache.catalina.core.StandardEngine    : Starting Servlet engine: [Apache Tomcat/10.1.33]
2025-02-07T09:58:41.593+05:30  INFO 13695 --- [ems] [main] o.a.c.c.C.[Tomcat].[localhost].[/]       : Initializing Spring embedded WebApplicationContext
2025-02-07T09:58:41.594+05:30  INFO 13695 --- [ems] [main] w.s.c.ServletWebServerApplicationContext : Root WebApplicationContext: initialization completed in 673 ms
2025-02-07T09:58:42.095+05:30  INFO 13695 --- [ems] [main] o.s.b.w.embedded.tomcat.TomcatWebServer  : Tomcat started on port 8080 (http) with context path '/'
2025-02-07T09:58:42.101+05:30  INFO 13695 --- [ems] [main] com.deval.ems.EmsApplication             : Started EmsApplication in 1.488 seconds (process running for 1.748)
2025-02-07T09:59:39.446+05:30  INFO 13695 --- [ems] [http-nio-8080-exec-2] o.a.c.c.C.[Tomcat].[localhost].[/]       : Initializing Spring DispatcherServlet 'dispatcherServlet'
2025-02-07T09:59:39.447+05:30  INFO 13695 --- [ems] [http-nio-8080-exec-2] o.s.web.servlet.DispatcherServlet        : Initializing Servlet 'dispatcherServlet'
2025-02-07T09:59:39.447+05:30  INFO 13695 --- [ems] [http-nio-8080-exec-2] o.s.web.servlet.DispatcherServlet        : Completed initialization in 0 ms
2025-02-07T09:59:39.472+05:30  INFO 13695 --- [ems] [http-nio-8080-exec-2] c.d.ems.controller.EmployeeController    : IN: Request to fetch all clietns
2025-02-07T09:59:39.472+05:30  INFO 13695 --- [ems] [http-nio-8080-exec-2] com.deval.ems.service.ClientService      : Getting all the clients
2025-02-07T09:59:39.476+05:30  INFO 13695 --- [ems] [http-nio-8080-exec-2] com.zaxxer.hikari.HikariDataSource       : HikariPool-1 - Starting...
2025-02-07T09:59:39.599+05:30  INFO 13695 --- [ems] [http-nio-8080-exec-2] com.zaxxer.hikari.pool.HikariPool        : HikariPool-1 - Added connection org.postgresql.jdbc.PgConnection@707292e2
2025-02-07T09:59:39.600+05:30  INFO 13695 --- [ems] [http-nio-8080-exec-2] com.zaxxer.hikari.HikariDataSource       : HikariPool-1 - Start completed.
2025-02-07T09:59:39.614+05:30  INFO 13695 --- [ems] [http-nio-8080-exec-2] c.d.ems.controller.EmployeeController    : OUT: Fetched all the clients
2025-02-07T09:59:44.933+05:30  INFO 13695 --- [ems] [http-nio-8080-exec-3] c.d.ems.controller.EmployeeController    : IN: Request to fetch all clietns
2025-02-07T09:59:44.935+05:30  INFO 13695 --- [ems] [http-nio-8080-exec-3] com.deval.ems.service.ClientService      : Getting all the clients
2025-02-07T09:59:44.937+05:30  INFO 13695 --- [ems] [http-nio-8080-exec-3] c.d.ems.controller.EmployeeController    : OUT: Fetched all the clients
2025-02-07T09:59:50.208+05:30  INFO 13695 --- [ems] [http-nio-8080-exec-4] c.d.ems.controller.EmployeeController    : IN: Request to fetch all clietns
2025-02-07T09:59:50.209+05:30  INFO 13695 --- [ems] [http-nio-8080-exec-4] com.deval.ems.service.ClientService      : Getting all the clients
2025-02-07T09:59:50.215+05:30  INFO 13695 --- [ems] [http-nio-8080-exec-4] c.d.ems.controller.EmployeeController    : OUT: Fetched all the clients
2025-02-07T09:59:55.866+05:30  INFO 13695 --- [ems] [http-nio-8080-exec-5] c.d.ems.controller.EmployeeController    : IN: Request to fetch all clietns
2025-02-07T09:59:55.866+05:30  INFO 13695 --- [ems] [http-nio-8080-exec-5] com.deval.ems.service.ClientService      : Getting all the clients
2025-02-07T09:59:55.874+05:30  INFO 13695 --- [ems] [http-nio-8080-exec-5] c.d.ems.controller.EmployeeController    : OUT: Fetched all the clients
2025-02-07T10:00:00.144+05:30  INFO 13695 --- [ems] [http-nio-8080-exec-6] c.d.ems.controller.EmployeeController    : IN: Request to fetch all clietns
2025-02-07T10:00:00.145+05:30  INFO 13695 --- [ems] [http-nio-8080-exec-6] com.deval.ems.service.ClientService      : Getting all the clients
2025-02-07T10:00:00.147+05:30  INFO 13695 --- [ems] [http-nio-8080-exec-6] c.d.ems.controller.EmployeeController    : OUT: Fetched all the clients
2025-02-07T10:00:11.454+05:30  INFO 13695 --- [ems] [http-nio-8080-exec-7] c.d.ems.controller.EmployeeController    : IN: Request to fetch all clietns
2025-02-07T10:00:11.454+05:30  INFO 13695 --- [ems] [http-nio-8080-exec-7] com.deval.ems.service.ClientService      : Getting all the clients
2025-02-07T10:00:11.458+05:30  INFO 13695 --- [ems] [http-nio-8080-exec-7] c.d.ems.controller.EmployeeController    : OUT: Fetched all the clients
2025-02-07T10:00:28.749+05:30  INFO 13695 --- [ems] [SpringApplicationShutdownHook] o.s.b.w.e.tomcat.GracefulShutdown        : Commencing graceful shutdown. Waiting for active requests to complete
2025-02-07T10:00:28.755+05:30  INFO 13695 --- [ems] [tomcat-shutdown] o.s.b.w.e.tomcat.GracefulShutdown        : Graceful shutdown complete
2025-02-07T10:00:28.757+05:30  INFO 13695 --- [ems] [SpringApplicationShutdownHook] com.zaxxer.hikari.HikariDataSource       : HikariPool-1 - Shutdown initiated...
2025-02-07T10:00:28.758+05:30  INFO 13695 --- [ems] [SpringApplicationShutdownHook] com.zaxxer.hikari.HikariDataSource       : HikariPool-1 - Shutdown completed.
